<?xml version="1.0" encoding="UTF-8"?>
<!-- Generated by org.testng.reporters.JUnitXMLReporter -->
<testsuite ignored="0" hostname="DESKTOP-TQ6JJ5Q" failures="2" tests="15" name="FireFoxTest" time="104.863" errors="0" timestamp="2026-06-19T10:12:04 EDT">
  <testcase classname="testscripts.ManageFooterTests" name="verifyAddressUpdate" time="4.293"/>
  <testcase classname="testscripts.AdminUsersTests" name="addAlreadyExistingUser" time="7.542">
    <failure type="org.openqa.selenium.NoSuchElementException" message="no such element: Unable to locate element: {&amp;quot;method&amp;quot;:&amp;quot;xpath&amp;quot;,&amp;quot;selector&amp;quot;:&amp;quot;//i[contains(@class,&amp;apos;fa-ban&amp;apos;)]&amp;quot;}
  (Session info: MicrosoftEdge=149.0.4022.69)
For documentation on this error, please visit: https://www.selenium.dev/documentation/webdriver/troubleshooting/errors#nosuchelementexception
Build info: version: &amp;apos;4.39.0&amp;apos;, revision: &amp;apos;126f156aee&amp;apos;
System info: os.name: &amp;apos;Windows 10&amp;apos;, os.arch: &amp;apos;amd64&amp;apos;, os.version: &amp;apos;10.0&amp;apos;, java.version: &amp;apos;14.0.1&amp;apos;
Driver info: org.openqa.selenium.edge.EdgeDriver
Command: [7e4c901e069ab5d08d40aaa5d97b1889, findElement {using=xpath, value=//i[contains(@class,&amp;apos;fa-ban&amp;apos;)]}]
Capabilities {acceptInsecureCerts: false, browserName: MicrosoftEdge, browserVersion: 149.0.4022.69, fedcm:accounts: true, goog:processID: 45760, ms:edgeOptions: {debuggerAddress: localhost:65292}, msedge: {msedgedriverVersion: 149.0.4022.80 (2d040fee770f..., userDataDir: C:\Users\manji\AppData\Loca...}, networkConnectionEnabled: false, pageLoadStrategy: normal, platformName: windows, proxy: Proxy(), se:cdp: ws://localhost:65292/devtoo..., se:cdpVersion: 149.0.4022.69, setWindowRect: true, strictFileInteractability: false, timeouts: {implicit: 0, pageLoad: 300000, script: 30000}, unhandledPromptBehavior: dismiss and notify, webauthn:extension:credBlob: true, webauthn:extension:largeBlob: true, webauthn:extension:minPinLength: true, webauthn:extension:prf: true, webauthn:virtualAuthenticators: true}
Session ID: 7e4c901e069ab5d08d40aaa5d97b1889">
      <![CDATA[org.openqa.selenium.NoSuchElementException: no such element: Unable to locate element: {"method":"xpath","selector":"//i[contains(@class,'fa-ban')]"}
  (Session info: MicrosoftEdge=149.0.4022.69)
For documentation on this error, please visit: https://www.selenium.dev/documentation/webdriver/troubleshooting/errors#nosuchelementexception
Build info: version: '4.39.0', revision: '126f156aee'
System info: os.name: 'Windows 10', os.arch: 'amd64', os.version: '10.0', java.version: '14.0.1'
Driver info: org.openqa.selenium.edge.EdgeDriver
Command: [7e4c901e069ab5d08d40aaa5d97b1889, findElement {using=xpath, value=//i[contains(@class,'fa-ban')]}]
Capabilities {acceptInsecureCerts: false, browserName: MicrosoftEdge, browserVersion: 149.0.4022.69, fedcm:accounts: true, goog:processID: 45760, ms:edgeOptions: {debuggerAddress: localhost:65292}, msedge: {msedgedriverVersion: 149.0.4022.80 (2d040fee770f..., userDataDir: C:\Users\manji\AppData\Loca...}, networkConnectionEnabled: false, pageLoadStrategy: normal, platformName: windows, proxy: Proxy(), se:cdp: ws://localhost:65292/devtoo..., se:cdpVersion: 149.0.4022.69, setWindowRect: true, strictFileInteractability: false, timeouts: {implicit: 0, pageLoad: 300000, script: 30000}, unhandledPromptBehavior: dismiss and notify, webauthn:extension:credBlob: true, webauthn:extension:largeBlob: true, webauthn:extension:minPinLength: true, webauthn:extension:prf: true, webauthn:virtualAuthenticators: true}
Session ID: 7e4c901e069ab5d08d40aaa5d97b1889
at org.openqa.selenium.remote.ErrorCodec.decode(ErrorCodec.java:167)
at org.openqa.selenium.remote.codec.w3c.W3CHttpResponseCodec.decode(W3CHttpResponseCodec.java:142)
at org.openqa.selenium.remote.codec.w3c.W3CHttpResponseCodec.decode(W3CHttpResponseCodec.java:49)
at org.openqa.selenium.remote.HttpCommandExecutor.execute(HttpCommandExecutor.java:215)
at org.openqa.selenium.remote.service.DriverCommandExecutor.invokeExecute(DriverCommandExecutor.java:216)
at org.openqa.selenium.remote.service.DriverCommandExecutor.execute(DriverCommandExecutor.java:174)
at org.openqa.selenium.remote.RemoteWebDriver.execute(RemoteWebDriver.java:561)
at org.openqa.selenium.remote.ElementLocation$ElementFinder$2.findElement(ElementLocation.java:166)
at org.openqa.selenium.remote.ElementLocation.findElement(ElementLocation.java:60)
at org.openqa.selenium.remote.RemoteWebDriver.findElement(RemoteWebDriver.java:384)
at org.openqa.selenium.remote.RemoteWebDriver.findElement(RemoteWebDriver.java:378)
at org.openqa.selenium.support.pagefactory.DefaultElementLocator.findElement(DefaultElementLocator.java:68)
at org.openqa.selenium.support.pagefactory.internal.LocatingElementHandler.invoke(LocatingElementHandler.java:38)
at com.sun.proxy.$Proxy13.isDisplayed(Unknown Source)
at pages.AdminUsersPage.userAlreadyExists(AdminUsersPage.java:71)
at testscripts.AdminUsersTests.addAlreadyExistingUser(AdminUsersTests.java:161)
at java.base/java.util.ArrayList.forEach(ArrayList.java:1510)
... Removed 32 stack frames]]>
    </failure>
  </testcase> <!-- addAlreadyExistingUser -->
  <testcase classname="testscripts.AdminUsersTests" name="addNewUserTypeAdmin" time="3.452"/>
  <testcase classname="testscripts.AdminUsersTests" name="addNewUserTypeDeliveryBoy" time="3.719"/>
  <testcase classname="testscripts.AdminUsersTests" name="addNewUserTypePartner" time="4.869"/>
  <testcase classname="testscripts.AdminUsersTests" name="addNewUserTypeStaff" time="7.913">
    <failure type="org.openqa.selenium.NoSuchElementException" message="no such element: Unable to locate element: {&amp;quot;method&amp;quot;:&amp;quot;xpath&amp;quot;,&amp;quot;selector&amp;quot;:&amp;quot;//i[contains(@class,&amp;apos;fa-check&amp;apos;)]&amp;quot;}
  (Session info: MicrosoftEdge=149.0.4022.69)
For documentation on this error, please visit: https://www.selenium.dev/documentation/webdriver/troubleshooting/errors#nosuchelementexception
Build info: version: &amp;apos;4.39.0&amp;apos;, revision: &amp;apos;126f156aee&amp;apos;
System info: os.name: &amp;apos;Windows 10&amp;apos;, os.arch: &amp;apos;amd64&amp;apos;, os.version: &amp;apos;10.0&amp;apos;, java.version: &amp;apos;14.0.1&amp;apos;
Driver info: org.openqa.selenium.edge.EdgeDriver
Command: [376f66eed608904e9c62ffedfd29bd1a, findElement {using=xpath, value=//i[contains(@class,&amp;apos;fa-check&amp;apos;)]}]
Capabilities {acceptInsecureCerts: false, browserName: MicrosoftEdge, browserVersion: 149.0.4022.69, fedcm:accounts: true, goog:processID: 4688, ms:edgeOptions: {debuggerAddress: localhost:50640}, msedge: {msedgedriverVersion: 149.0.4022.80 (2d040fee770f..., userDataDir: C:\Users\manji\AppData\Loca...}, networkConnectionEnabled: false, pageLoadStrategy: normal, platformName: windows, proxy: Proxy(), se:cdp: ws://localhost:50640/devtoo..., se:cdpVersion: 149.0.4022.69, setWindowRect: true, strictFileInteractability: false, timeouts: {implicit: 0, pageLoad: 300000, script: 30000}, unhandledPromptBehavior: dismiss and notify, webauthn:extension:credBlob: true, webauthn:extension:largeBlob: true, webauthn:extension:minPinLength: true, webauthn:extension:prf: true, webauthn:virtualAuthenticators: true}
Session ID: 376f66eed608904e9c62ffedfd29bd1a">
      <![CDATA[org.openqa.selenium.NoSuchElementException: no such element: Unable to locate element: {"method":"xpath","selector":"//i[contains(@class,'fa-check')]"}
  (Session info: MicrosoftEdge=149.0.4022.69)
For documentation on this error, please visit: https://www.selenium.dev/documentation/webdriver/troubleshooting/errors#nosuchelementexception
Build info: version: '4.39.0', revision: '126f156aee'
System info: os.name: 'Windows 10', os.arch: 'amd64', os.version: '10.0', java.version: '14.0.1'
Driver info: org.openqa.selenium.edge.EdgeDriver
Command: [376f66eed608904e9c62ffedfd29bd1a, findElement {using=xpath, value=//i[contains(@class,'fa-check')]}]
Capabilities {acceptInsecureCerts: false, browserName: MicrosoftEdge, browserVersion: 149.0.4022.69, fedcm:accounts: true, goog:processID: 4688, ms:edgeOptions: {debuggerAddress: localhost:50640}, msedge: {msedgedriverVersion: 149.0.4022.80 (2d040fee770f..., userDataDir: C:\Users\manji\AppData\Loca...}, networkConnectionEnabled: false, pageLoadStrategy: normal, platformName: windows, proxy: Proxy(), se:cdp: ws://localhost:50640/devtoo..., se:cdpVersion: 149.0.4022.69, setWindowRect: true, strictFileInteractability: false, timeouts: {implicit: 0, pageLoad: 300000, script: 30000}, unhandledPromptBehavior: dismiss and notify, webauthn:extension:credBlob: true, webauthn:extension:largeBlob: true, webauthn:extension:minPinLength: true, webauthn:extension:prf: true, webauthn:virtualAuthenticators: true}
Session ID: 376f66eed608904e9c62ffedfd29bd1a
at org.openqa.selenium.remote.ErrorCodec.decode(ErrorCodec.java:167)
at org.openqa.selenium.remote.codec.w3c.W3CHttpResponseCodec.decode(W3CHttpResponseCodec.java:142)
at org.openqa.selenium.remote.codec.w3c.W3CHttpResponseCodec.decode(W3CHttpResponseCodec.java:49)
at org.openqa.selenium.remote.HttpCommandExecutor.execute(HttpCommandExecutor.java:215)
at org.openqa.selenium.remote.service.DriverCommandExecutor.invokeExecute(DriverCommandExecutor.java:216)
at org.openqa.selenium.remote.service.DriverCommandExecutor.execute(DriverCommandExecutor.java:174)
at org.openqa.selenium.remote.RemoteWebDriver.execute(RemoteWebDriver.java:561)
at org.openqa.selenium.remote.ElementLocation$ElementFinder$2.findElement(ElementLocation.java:166)
at org.openqa.selenium.remote.ElementLocation.findElement(ElementLocation.java:60)
at org.openqa.selenium.remote.RemoteWebDriver.findElement(RemoteWebDriver.java:384)
at org.openqa.selenium.remote.RemoteWebDriver.findElement(RemoteWebDriver.java:378)
at org.openqa.selenium.support.pagefactory.DefaultElementLocator.findElement(DefaultElementLocator.java:68)
at org.openqa.selenium.support.pagefactory.internal.LocatingElementHandler.invoke(LocatingElementHandler.java:38)
at com.sun.proxy.$Proxy13.isDisplayed(Unknown Source)
at pages.AdminUsersPage.isUserCreatedSuccessfylly(AdminUsersPage.java:66)
at testscripts.AdminUsersTests.addNewUserTypeStaff(AdminUsersTests.java:43)
at java.base/java.util.ArrayList.forEach(ArrayList.java:1510)
... Removed 32 stack frames]]>
    </failure>
  </testcase> <!-- addNewUserTypeStaff -->
  <testcase classname="testscripts.LogoutTestsSM" name="verifyLogout" time="2.338"/>
  <testcase classname="testscripts.ManageNewsTests" name="addNews" time="3.616"/>
  <testcase classname="testscripts.ManageNewsTests" name="cancelNews" time="2.96"/>
  <testcase classname="testscripts.LoginTestsSM" name="verifyLoginWithInvalidCredentials" time="0.608"/>
  <testcase classname="testscripts.LoginTestsSM" name="verifyLoginWithInvalidPassword" time="0.634"/>
  <testcase classname="testscripts.LoginTestsSM" name="verifyLoginWithInvalidUserName" time="0.68"/>
  <testcase classname="testscripts.LoginTestsSM" name="verifyLoginWithValidCredentials" time="1.372"/>
  <testcase classname="testscripts.ManageContactTests" name="editContactSuccessfully" time="4.093"/>
  <testcase classname="testscripts.ManageCategoryTests" name="addCategorySuccessfully" time="4.985"/>
</testsuite> <!-- FireFoxTest -->
