<?xml version="1.0" encoding="UTF-8"?>
<!-- Generated by org.testng.reporters.JUnitReportReporter -->
<testsuite hostname="DESKTOP-TQ6JJ5Q" failures="0" tests="5" name="testscripts.AdminUsersTests" time="78.225" errors="0" timestamp="2026-06-25T13:10:01 EDT" skipped="0">
  <testcase classname="testscripts.AdminUsersTests" name="addAlreadyExistingUser" time="10.607"/>
  <testcase classname="testscripts.AdminUsersTests" name="addNewUserTypeStaff" time="30.160"/>
  <testcase classname="testscripts.AdminUsersTests" name="addNewUserTypeAdmin" time="9.168"/>
  <testcase classname="testscripts.AdminUsersTests" name="addNewUserTypePartner" time="19.511"/>
  <testcase classname="testscripts.AdminUsersTests" name="addNewUserTypeDeliveryBoy" time="8.779"/>
</testsuite> <!-- testscripts.AdminUsersTests -->
