<?xml version="1.0" encoding="UTF-8"?>
<!-- Generated by org.testng.reporters.JUnitReportReporter -->
<testsuite hostname="DESKTOP-TQ6JJ5Q" failures="0" tests="4" name="testscripts.LoginTestsSM" time="16.433" errors="0" timestamp="2026-06-23T12:06:33 EDT" skipped="0">
  <testcase classname="testscripts.LoginTestsSM" name="verifyLoginWithValidCredentials" time="4.637"/>
  <testcase classname="testscripts.LoginTestsSM" name="verifyLoginWithInvalidCredentials" time="3.935"/>
  <testcase classname="testscripts.LoginTestsSM" name="verifyLoginWithInvalidUserName" time="3.930"/>
  <testcase classname="testscripts.LoginTestsSM" name="verifyLoginWithInvalidPassword" time="3.931"/>
</testsuite> <!-- testscripts.LoginTestsSM -->
