<?xml version="1.0" encoding="UTF-8"?>
<!-- Generated by org.testng.reporters.JUnitReportReporter -->
<testsuite hostname="DESKTOP-TQ6JJ5Q" failures="0" tests="4" name="testscripts.LoginTestsSM" time="16.924" errors="0" timestamp="2026-06-19T10:12:04 EDT" skipped="0">
  <testcase classname="testscripts.LoginTestsSM" name="verifyLoginWithValidCredentials" time="4.780"/>
  <testcase classname="testscripts.LoginTestsSM" name="verifyLoginWithInvalidCredentials" time="3.992"/>
  <testcase classname="testscripts.LoginTestsSM" name="verifyLoginWithInvalidUserName" time="4.080"/>
  <testcase classname="testscripts.LoginTestsSM" name="verifyLoginWithInvalidPassword" time="4.072"/>
</testsuite> <!-- testscripts.LoginTestsSM -->
