<?xml version="1.0" encoding="UTF-8"?>
<!-- Generated by org.testng.reporters.JUnitXMLReporter -->
<testsuite ignored="0" hostname="DESKTOP-TQ6JJ5Q" failures="0" tests="4" name="Test" time="0.099" errors="0" timestamp="2026-06-18T20:07:18 EDT">
  <testcase classname="testscripts.BaseSuperMarket" name="@BeforeMethod browserInitialization" time="-1.781827638665E9">
    <failure type="org.testng.TestNGException" message="
Can inject only one of &amp;lt;ITestContext, XmlTest, Method, Object[], ITestResult&amp;gt; into a @BeforeMethod annotated browserInitialization.
For more information on native dependency injection please refer to https://testng.org/#_dependency_injection">
      <![CDATA[org.testng.TestNGException: 
Can inject only one of <ITestContext, XmlTest, Method, Object[], ITestResult> into a @BeforeMethod annotated browserInitialization.
For more information on native dependency injection please refer to https://testng.org/#_dependency_injection
at java.base/java.util.ArrayList.forEach(ArrayList.java:1510)
... Removed 28 stack frames]]>
    </failure>
  </testcase> <!-- @BeforeMethod browserInitialization -->
  <testcase classname="testscripts.BaseSuperMarket" name="@AfterMethod browserQuit" time="0.0">
    <skipped/>
  </testcase> <!-- @AfterMethod browserQuit -->
  <testcase classname="testscripts.BaseSuperMarket" name="@BeforeMethod browserInitialization" time="0.0">
    <skipped/>
  </testcase> <!-- @BeforeMethod browserInitialization -->
  <testcase classname="testscripts.BaseSuperMarket" name="@AfterMethod browserQuit" time="0.0">
    <skipped/>
  </testcase> <!-- @AfterMethod browserQuit -->
  <testcase classname="testscripts.BaseSuperMarket" name="@BeforeMethod browserInitialization" time="0.0">
    <skipped/>
  </testcase> <!-- @BeforeMethod browserInitialization -->
  <testcase classname="testscripts.BaseSuperMarket" name="@AfterMethod browserQuit" time="0.0">
    <skipped/>
  </testcase> <!-- @AfterMethod browserQuit -->
  <testcase classname="testscripts.BaseSuperMarket" name="@BeforeMethod browserInitialization" time="0.0">
    <skipped/>
  </testcase> <!-- @BeforeMethod browserInitialization -->
  <testcase classname="testscripts.BaseSuperMarket" name="@AfterMethod browserQuit" time="0.0">
    <skipped/>
  </testcase> <!-- @AfterMethod browserQuit -->
  <testcase classname="testscripts.LoginTestsSM" name="verifyLoginWithInvalidCredentials" time="0.0">
    <skipped/>
  </testcase> <!-- verifyLoginWithInvalidCredentials -->
  <testcase classname="testscripts.LoginTestsSM" name="verifyLoginWithInvalidPassword" time="0.0">
    <skipped/>
  </testcase> <!-- verifyLoginWithInvalidPassword -->
  <testcase classname="testscripts.LoginTestsSM" name="verifyLoginWithInvalidUserName" time="0.0">
    <skipped/>
  </testcase> <!-- verifyLoginWithInvalidUserName -->
  <testcase classname="testscripts.LoginTestsSM" name="verifyLoginWithValidCredentials" time="0.0">
    <skipped/>
  </testcase> <!-- verifyLoginWithValidCredentials -->
</testsuite> <!-- Test -->
