<?xml version="1.0" encoding="UTF-8"?>
<!-- Generated by org.testng.reporters.JUnitXMLReporter -->
<testsuite ignored="0" hostname="DESKTOP-TQ6JJ5Q" failures="0" tests="5" name="FFTest" time="78.269" errors="0" timestamp="2026-06-25T13:10:01 EDT">
  <testcase classname="testscripts.AdminUsersTests" name="addAlreadyExistingUser" time="4.696"/>
  <testcase classname="testscripts.AdminUsersTests" name="addNewUserTypeAdmin" time="3.22"/>
  <testcase classname="testscripts.AdminUsersTests" name="addNewUserTypeDeliveryBoy" time="3.217"/>
  <testcase classname="testscripts.AdminUsersTests" name="addNewUserTypePartner" time="13.482"/>
  <testcase classname="testscripts.AdminUsersTests" name="addNewUserTypeStaff" time="23.629"/>
</testsuite> <!-- FFTest -->
