<?xml version="1.0" encoding="UTF-8"?>
<!-- Generated by org.testng.reporters.JUnitXMLReporter -->
<testsuite ignored="0" hostname="DESKTOP-TQ6JJ5Q" failures="0" tests="14" name="FFTest" time="138.939" errors="0" timestamp="2026-06-23T16:45:33 EDT">
  <testcase classname="testscripts.LoginTestsSM" name="verifyLoginWithInvalidCredentials" time="1.202"/>
  <testcase classname="testscripts.LoginTestsSM" name="verifyLoginWithInvalidPassword" time="0.6"/>
  <testcase classname="testscripts.LoginTestsSM" name="verifyLoginWithInvalidUserName" time="0.577"/>
  <testcase classname="testscripts.LoginTestsSM" name="verifyLoginWithValidCredentials" time="1.29"/>
  <testcase classname="testscripts.LogoutTestsSM" name="verifyLogout" time="2.028"/>
  <testcase classname="testscripts.ManageNewsTests" name="addNews" time="3.249"/>
  <testcase classname="testscripts.AdminUsersTests" name="addAlreadyExistingUser" time="4.461"/>
  <testcase classname="testscripts.AdminUsersTests" name="addNewUserTypeAdmin" time="3.585"/>
  <testcase classname="testscripts.AdminUsersTests" name="addNewUserTypeDeliveryBoy" time="3.198"/>
  <testcase classname="testscripts.AdminUsersTests" name="addNewUserTypePartner" time="3.256"/>
  <testcase classname="testscripts.AdminUsersTests" name="addNewUserTypeStaff" time="3.169"/>
  <testcase classname="testscripts.ManageContactTests" name="editContactSuccessfully" time="3.802"/>
  <testcase classname="testscripts.ManageCategoryTests" name="addCategorySuccessfully" time="5.342"/>
  <testcase classname="testscripts.ManageFooterTests" name="verifyAddressUpdate" time="2.906"/>
</testsuite> <!-- FFTest -->
