<?xml version="1.0" encoding="UTF-8"?>
<!-- Generated by org.testng.reporters.JUnitXMLReporter -->
<testsuite ignored="13" hostname="DESKTOP-TQ6JJ5Q" failures="0" tests="2" name="Edge" time="16.839" errors="0" timestamp="2026-06-19T11:30:41 EDT">
  <testcase classname="testscripts.LogoutTestsSM" name="verifyLogout" time="4.076"/>
  <testcase classname="testscripts.LoginTestsSM" name="verifyLoginWithValidCredentials" time="1.451"/>
  <testcase classname="testscripts.AdminUsersTests" name="addAlreadyExistingUser" time="0.0">
    <ignored/>
  </testcase> <!-- addAlreadyExistingUser -->
  <testcase classname="testscripts.ManageNewsTests" name="addNews" time="0.0">
    <ignored/>
  </testcase> <!-- addNews -->
  <testcase classname="testscripts.AdminUsersTests" name="addNewUserTypeDeliveryBoy" time="0.0">
    <ignored/>
  </testcase> <!-- addNewUserTypeDeliveryBoy -->
  <testcase classname="testscripts.LoginTestsSM" name="verifyLoginWithInvalidUserName" time="0.0">
    <ignored/>
  </testcase> <!-- verifyLoginWithInvalidUserName -->
  <testcase classname="testscripts.LoginTestsSM" name="verifyLoginWithInvalidPassword" time="0.0">
    <ignored/>
  </testcase> <!-- verifyLoginWithInvalidPassword -->
  <testcase classname="testscripts.AdminUsersTests" name="addNewUserTypePartner" time="0.0">
    <ignored/>
  </testcase> <!-- addNewUserTypePartner -->
  <testcase classname="testscripts.ManageContactTests" name="editContactSuccessfully" time="0.0">
    <ignored/>
  </testcase> <!-- editContactSuccessfully -->
  <testcase classname="testscripts.ManageCategoryTests" name="addCategorySuccessfully" time="0.0">
    <ignored/>
  </testcase> <!-- addCategorySuccessfully -->
  <testcase classname="testscripts.LoginTestsSM" name="verifyLoginWithInvalidCredentials" time="0.0">
    <ignored/>
  </testcase> <!-- verifyLoginWithInvalidCredentials -->
  <testcase classname="testscripts.AdminUsersTests" name="addNewUserTypeStaff" time="0.0">
    <ignored/>
  </testcase> <!-- addNewUserTypeStaff -->
  <testcase classname="testscripts.ManageFooterTests" name="verifyAddressUpdate" time="0.0">
    <ignored/>
  </testcase> <!-- verifyAddressUpdate -->
  <testcase classname="testscripts.AdminUsersTests" name="addNewUserTypeAdmin" time="0.0">
    <ignored/>
  </testcase> <!-- addNewUserTypeAdmin -->
  <testcase classname="testscripts.ManageNewsTests" name="cancelNews" time="0.0">
    <ignored/>
  </testcase> <!-- cancelNews -->
</testsuite> <!-- Edge -->
