<?xml version="1.0" encoding="UTF-8"?>
<testng-results ignored="0" total="15" passed="13" failed="2" skipped="0">
  <reporter-output>
  </reporter-output>
  <suite started-at="2026-06-19T10:10:19 EDT" name="CrossbrowserTesting" finished-at="2026-06-19T10:12:04 EDT" duration-ms="104918">
    <groups>
    </groups>
    <test started-at="2026-06-19T10:10:19 EDT" name="FireFoxTest" finished-at="2026-06-19T10:12:04 EDT" duration-ms="104863">
      <class name="testscripts.ManageContactTests">
        <test-method is-config="true" signature="browserInitialization(java.lang.String)[pri:0, instance:testscripts.ManageContactTests@1e800aaa]" started-at="2026-06-19T10:11:48 EDT" name="browserInitialization" finished-at="2026-06-19T10:11:51 EDT" duration-ms="3464" status="PASS">
          <params>
            <param index="0">
              <value>
                <![CDATA[Edge]]>
              </value>
            </param>
          </params>
          <reporter-output>
          </reporter-output>
        </test-method> <!-- browserInitialization -->
        <test-method signature="editContactSuccessfully()[pri:0, instance:testscripts.ManageContactTests@1e800aaa]" started-at="2026-06-19T10:11:51 EDT" name="editContactSuccessfully" description="Verifying editing a contact in Manage Contact Page" finished-at="2026-06-19T10:11:55 EDT" duration-ms="4093" status="PASS">
          <reporter-output>
          </reporter-output>
        </test-method> <!-- editContactSuccessfully -->
        <test-method is-config="true" signature="browserQuit(org.testng.ITestResult)[pri:0, instance:testscripts.ManageContactTests@1e800aaa]" started-at="2026-06-19T10:11:55 EDT" name="browserQuit" finished-at="2026-06-19T10:11:55 EDT" duration-ms="0" status="PASS">
          <params>
            <param index="0">
              <value>
                <![CDATA[[TestResult name=editContactSuccessfully status=SUCCESS method=ManageContactTests.editContactSuccessfully()[pri:0, instance:testscripts.ManageContactTests@1e800aaa] output={null}]]]>
              </value>
            </param>
          </params>
          <reporter-output>
          </reporter-output>
        </test-method> <!-- browserQuit -->
      </class> <!-- testscripts.ManageContactTests -->
      <class name="testscripts.ManageFooterTests">
        <test-method is-config="true" signature="browserInitialization(java.lang.String)[pri:0, instance:testscripts.ManageFooterTests@5e0e82ae]" started-at="2026-06-19T10:10:19 EDT" name="browserInitialization" finished-at="2026-06-19T10:10:23 EDT" duration-ms="3916" status="PASS">
          <params>
            <param index="0">
              <value>
                <![CDATA[Edge]]>
              </value>
            </param>
          </params>
          <reporter-output>
          </reporter-output>
        </test-method> <!-- browserInitialization -->
        <test-method signature="verifyAddressUpdate()[pri:0, instance:testscripts.ManageFooterTests@5e0e82ae]" started-at="2026-06-19T10:10:23 EDT" name="verifyAddressUpdate" description="Verify update button functionality in Manage Footer Page" finished-at="2026-06-19T10:10:27 EDT" duration-ms="4293" status="PASS">
          <reporter-output>
          </reporter-output>
        </test-method> <!-- verifyAddressUpdate -->
        <test-method is-config="true" signature="browserQuit(org.testng.ITestResult)[pri:0, instance:testscripts.ManageFooterTests@5e0e82ae]" started-at="2026-06-19T10:10:27 EDT" name="browserQuit" finished-at="2026-06-19T10:10:27 EDT" duration-ms="0" status="PASS">
          <params>
            <param index="0">
              <value>
                <![CDATA[[TestResult name=verifyAddressUpdate status=SUCCESS method=ManageFooterTests.verifyAddressUpdate()[pri:0, instance:testscripts.ManageFooterTests@5e0e82ae] output={null}]]]>
              </value>
            </param>
          </params>
          <reporter-output>
          </reporter-output>
        </test-method> <!-- browserQuit -->
      </class> <!-- testscripts.ManageFooterTests -->
      <class name="testscripts.AdminUsersTests">
        <test-method is-config="true" signature="browserInitialization(java.lang.String)[pri:0, instance:testscripts.AdminUsersTests@f5958c9]" started-at="2026-06-19T10:10:27 EDT" name="browserInitialization" finished-at="2026-06-19T10:10:31 EDT" duration-ms="3390" status="PASS">
          <params>
            <param index="0">
              <value>
                <![CDATA[Edge]]>
              </value>
            </param>
          </params>
          <reporter-output>
          </reporter-output>
        </test-method> <!-- browserInitialization -->
        <test-method signature="addAlreadyExistingUser()[pri:0, instance:testscripts.AdminUsersTests@f5958c9]" started-at="2026-06-19T10:10:31 EDT" name="addAlreadyExistingUser" finished-at="2026-06-19T10:10:38 EDT" duration-ms="7542" status="FAIL">
          <exception class="org.openqa.selenium.NoSuchElementException">
            <message>
              <![CDATA[no such element: Unable to locate element: {"method":"xpath","selector":"//i[contains(@class,'fa-ban')]"}
  (Session info: MicrosoftEdge=149.0.4022.69)
For documentation on this error, please visit: https://www.selenium.dev/documentation/webdriver/troubleshooting/errors#nosuchelementexception
Build info: version: '4.39.0', revision: '126f156aee'
System info: os.name: 'Windows 10', os.arch: 'amd64', os.version: '10.0', java.version: '14.0.1'
Driver info: org.openqa.selenium.edge.EdgeDriver
Command: [7e4c901e069ab5d08d40aaa5d97b1889, findElement {using=xpath, value=//i[contains(@class,'fa-ban')]}]
Capabilities {acceptInsecureCerts: false, browserName: MicrosoftEdge, browserVersion: 149.0.4022.69, fedcm:accounts: true, goog:processID: 45760, ms:edgeOptions: {debuggerAddress: localhost:65292}, msedge: {msedgedriverVersion: 149.0.4022.80 (2d040fee770f..., userDataDir: C:\Users\manji\AppData\Loca...}, networkConnectionEnabled: false, pageLoadStrategy: normal, platformName: windows, proxy: Proxy(), se:cdp: ws://localhost:65292/devtoo..., se:cdpVersion: 149.0.4022.69, setWindowRect: true, strictFileInteractability: false, timeouts: {implicit: 0, pageLoad: 300000, script: 30000}, unhandledPromptBehavior: dismiss and notify, webauthn:extension:credBlob: true, webauthn:extension:largeBlob: true, webauthn:extension:minPinLength: true, webauthn:extension:prf: true, webauthn:virtualAuthenticators: true}
Session ID: 7e4c901e069ab5d08d40aaa5d97b1889]]>
            </message>
            <full-stacktrace>
              <![CDATA[org.openqa.selenium.NoSuchElementException: no such element: Unable to locate element: {"method":"xpath","selector":"//i[contains(@class,'fa-ban')]"}
  (Session info: MicrosoftEdge=149.0.4022.69)
For documentation on this error, please visit: https://www.selenium.dev/documentation/webdriver/troubleshooting/errors#nosuchelementexception
Build info: version: '4.39.0', revision: '126f156aee'
System info: os.name: 'Windows 10', os.arch: 'amd64', os.version: '10.0', java.version: '14.0.1'
Driver info: org.openqa.selenium.edge.EdgeDriver
Command: [7e4c901e069ab5d08d40aaa5d97b1889, findElement {using=xpath, value=//i[contains(@class,'fa-ban')]}]
Capabilities {acceptInsecureCerts: false, browserName: MicrosoftEdge, browserVersion: 149.0.4022.69, fedcm:accounts: true, goog:processID: 45760, ms:edgeOptions: {debuggerAddress: localhost:65292}, msedge: {msedgedriverVersion: 149.0.4022.80 (2d040fee770f..., userDataDir: C:\Users\manji\AppData\Loca...}, networkConnectionEnabled: false, pageLoadStrategy: normal, platformName: windows, proxy: Proxy(), se:cdp: ws://localhost:65292/devtoo..., se:cdpVersion: 149.0.4022.69, setWindowRect: true, strictFileInteractability: false, timeouts: {implicit: 0, pageLoad: 300000, script: 30000}, unhandledPromptBehavior: dismiss and notify, webauthn:extension:credBlob: true, webauthn:extension:largeBlob: true, webauthn:extension:minPinLength: true, webauthn:extension:prf: true, webauthn:virtualAuthenticators: true}
Session ID: 7e4c901e069ab5d08d40aaa5d97b1889
at java.base/jdk.internal.reflect.NativeConstructorAccessorImpl.newInstance0(Native Method)
at java.base/jdk.internal.reflect.NativeConstructorAccessorImpl.newInstance(NativeConstructorAccessorImpl.java:62)
at java.base/jdk.internal.reflect.DelegatingConstructorAccessorImpl.newInstance(DelegatingConstructorAccessorImpl.java:45)
at java.base/java.lang.reflect.Constructor.newInstanceWithCaller(Constructor.java:500)
at java.base/java.lang.reflect.Constructor.newInstance(Constructor.java:481)
at org.openqa.selenium.remote.ErrorCodec.decode(ErrorCodec.java:167)
at org.openqa.selenium.remote.codec.w3c.W3CHttpResponseCodec.decode(W3CHttpResponseCodec.java:142)
at org.openqa.selenium.remote.codec.w3c.W3CHttpResponseCodec.decode(W3CHttpResponseCodec.java:49)
at org.openqa.selenium.remote.HttpCommandExecutor.execute(HttpCommandExecutor.java:215)
at org.openqa.selenium.remote.service.DriverCommandExecutor.invokeExecute(DriverCommandExecutor.java:216)
at org.openqa.selenium.remote.service.DriverCommandExecutor.execute(DriverCommandExecutor.java:174)
at org.openqa.selenium.remote.RemoteWebDriver.execute(RemoteWebDriver.java:561)
at org.openqa.selenium.remote.ElementLocation$ElementFinder$2.findElement(ElementLocation.java:166)
at org.openqa.selenium.remote.ElementLocation.findElement(ElementLocation.java:60)
at org.openqa.selenium.remote.RemoteWebDriver.findElement(RemoteWebDriver.java:384)
at org.openqa.selenium.remote.RemoteWebDriver.findElement(RemoteWebDriver.java:378)
at org.openqa.selenium.support.pagefactory.DefaultElementLocator.findElement(DefaultElementLocator.java:68)
at org.openqa.selenium.support.pagefactory.internal.LocatingElementHandler.invoke(LocatingElementHandler.java:38)
at com.sun.proxy.$Proxy13.isDisplayed(Unknown Source)
at pages.AdminUsersPage.userAlreadyExists(AdminUsersPage.java:71)
at testscripts.AdminUsersTests.addAlreadyExistingUser(AdminUsersTests.java:161)
at java.base/jdk.internal.reflect.NativeMethodAccessorImpl.invoke0(Native Method)
at java.base/jdk.internal.reflect.NativeMethodAccessorImpl.invoke(NativeMethodAccessorImpl.java:62)
at java.base/jdk.internal.reflect.DelegatingMethodAccessorImpl.invoke(DelegatingMethodAccessorImpl.java:43)
at java.base/java.lang.reflect.Method.invoke(Method.java:564)
at org.testng.internal.invokers.MethodInvocationHelper.invokeMethod(MethodInvocationHelper.java:141)
at org.testng.internal.invokers.TestInvoker.invokeMethod(TestInvoker.java:687)
at org.testng.internal.invokers.TestInvoker.invokeTestMethod(TestInvoker.java:230)
at org.testng.internal.invokers.MethodRunner.runInSequence(MethodRunner.java:63)
at org.testng.internal.invokers.TestInvoker$MethodInvocationAgent.invoke(TestInvoker.java:995)
at org.testng.internal.invokers.TestInvoker.invokeTestMethods(TestInvoker.java:203)
at org.testng.internal.invokers.TestMethodWorker.invokeTestMethods(TestMethodWorker.java:154)
at org.testng.internal.invokers.TestMethodWorker.run(TestMethodWorker.java:134)
at java.base/java.util.ArrayList.forEach(ArrayList.java:1510)
at org.testng.TestRunner.privateRun(TestRunner.java:741)
at org.testng.TestRunner.run(TestRunner.java:616)
at org.testng.SuiteRunner.runTest(SuiteRunner.java:421)
at org.testng.SuiteRunner.runSequentially(SuiteRunner.java:413)
at org.testng.SuiteRunner.privateRun(SuiteRunner.java:373)
at org.testng.SuiteRunner.run(SuiteRunner.java:312)
at org.testng.SuiteRunnerWorker.runSuite(SuiteRunnerWorker.java:52)
at org.testng.SuiteRunnerWorker.run(SuiteRunnerWorker.java:95)
at org.testng.TestNG.runSuitesSequentially(TestNG.java:1274)
at org.testng.TestNG.runSuitesLocally(TestNG.java:1208)
at org.testng.TestNG.runSuites(TestNG.java:1112)
at org.testng.TestNG.run(TestNG.java:1079)
at org.testng.remote.AbstractRemoteTestNG.run(AbstractRemoteTestNG.java:115)
at org.testng.remote.RemoteTestNG.initAndRun(RemoteTestNG.java:293)
at org.testng.remote.RemoteTestNG.main(RemoteTestNG.java:91)
]]>
            </full-stacktrace>
          </exception> <!-- org.openqa.selenium.NoSuchElementException -->
          <reporter-output>
          </reporter-output>
        </test-method> <!-- addAlreadyExistingUser -->
        <test-method is-config="true" signature="browserQuit(org.testng.ITestResult)[pri:0, instance:testscripts.AdminUsersTests@f5958c9]" started-at="2026-06-19T10:10:38 EDT" name="browserQuit" finished-at="2026-06-19T10:10:38 EDT" duration-ms="84" status="PASS">
          <params>
            <param index="0">
              <value>
                <![CDATA[[TestResult name=addAlreadyExistingUser status=FAILURE method=AdminUsersTests.addAlreadyExistingUser()[pri:0, instance:testscripts.AdminUsersTests@f5958c9] output={null}]]]>
              </value>
            </param>
          </params>
          <reporter-output>
          </reporter-output>
        </test-method> <!-- browserQuit -->
        <test-method is-config="true" signature="browserInitialization(java.lang.String)[pri:0, instance:testscripts.AdminUsersTests@f5958c9]" started-at="2026-06-19T10:10:38 EDT" name="browserInitialization" finished-at="2026-06-19T10:10:42 EDT" duration-ms="3277" status="PASS">
          <params>
            <param index="0">
              <value>
                <![CDATA[Edge]]>
              </value>
            </param>
          </params>
          <reporter-output>
          </reporter-output>
        </test-method> <!-- browserInitialization -->
        <test-method signature="addNewUserTypeAdmin()[pri:0, instance:testscripts.AdminUsersTests@f5958c9]" started-at="2026-06-19T10:10:42 EDT" name="addNewUserTypeAdmin" finished-at="2026-06-19T10:10:45 EDT" duration-ms="3452" status="PASS">
          <reporter-output>
          </reporter-output>
        </test-method> <!-- addNewUserTypeAdmin -->
        <test-method is-config="true" signature="browserQuit(org.testng.ITestResult)[pri:0, instance:testscripts.AdminUsersTests@f5958c9]" started-at="2026-06-19T10:10:45 EDT" name="browserQuit" finished-at="2026-06-19T10:10:45 EDT" duration-ms="0" status="PASS">
          <params>
            <param index="0">
              <value>
                <![CDATA[[TestResult name=addNewUserTypeAdmin status=SUCCESS method=AdminUsersTests.addNewUserTypeAdmin()[pri:0, instance:testscripts.AdminUsersTests@f5958c9] output={null}]]]>
              </value>
            </param>
          </params>
          <reporter-output>
          </reporter-output>
        </test-method> <!-- browserQuit -->
        <test-method is-config="true" signature="browserInitialization(java.lang.String)[pri:0, instance:testscripts.AdminUsersTests@f5958c9]" started-at="2026-06-19T10:10:45 EDT" name="browserInitialization" finished-at="2026-06-19T10:10:48 EDT" duration-ms="3352" status="PASS">
          <params>
            <param index="0">
              <value>
                <![CDATA[Edge]]>
              </value>
            </param>
          </params>
          <reporter-output>
          </reporter-output>
        </test-method> <!-- browserInitialization -->
        <test-method signature="addNewUserTypeDeliveryBoy()[pri:0, instance:testscripts.AdminUsersTests@f5958c9]" started-at="2026-06-19T10:10:48 EDT" name="addNewUserTypeDeliveryBoy" finished-at="2026-06-19T10:10:52 EDT" duration-ms="3719" status="PASS">
          <reporter-output>
          </reporter-output>
        </test-method> <!-- addNewUserTypeDeliveryBoy -->
        <test-method is-config="true" signature="browserQuit(org.testng.ITestResult)[pri:0, instance:testscripts.AdminUsersTests@f5958c9]" started-at="2026-06-19T10:10:52 EDT" name="browserQuit" finished-at="2026-06-19T10:10:52 EDT" duration-ms="0" status="PASS">
          <params>
            <param index="0">
              <value>
                <![CDATA[[TestResult name=addNewUserTypeDeliveryBoy status=SUCCESS method=AdminUsersTests.addNewUserTypeDeliveryBoy()[pri:0, instance:testscripts.AdminUsersTests@f5958c9] output={null}]]]>
              </value>
            </param>
          </params>
          <reporter-output>
          </reporter-output>
        </test-method> <!-- browserQuit -->
        <test-method is-config="true" signature="browserInitialization(java.lang.String)[pri:0, instance:testscripts.AdminUsersTests@f5958c9]" started-at="2026-06-19T10:10:52 EDT" name="browserInitialization" finished-at="2026-06-19T10:10:56 EDT" duration-ms="3573" status="PASS">
          <params>
            <param index="0">
              <value>
                <![CDATA[Edge]]>
              </value>
            </param>
          </params>
          <reporter-output>
          </reporter-output>
        </test-method> <!-- browserInitialization -->
        <test-method signature="addNewUserTypePartner()[pri:0, instance:testscripts.AdminUsersTests@f5958c9]" started-at="2026-06-19T10:10:56 EDT" name="addNewUserTypePartner" finished-at="2026-06-19T10:11:01 EDT" duration-ms="4869" status="PASS">
          <reporter-output>
          </reporter-output>
        </test-method> <!-- addNewUserTypePartner -->
        <test-method is-config="true" signature="browserQuit(org.testng.ITestResult)[pri:0, instance:testscripts.AdminUsersTests@f5958c9]" started-at="2026-06-19T10:11:01 EDT" name="browserQuit" finished-at="2026-06-19T10:11:01 EDT" duration-ms="0" status="PASS">
          <params>
            <param index="0">
              <value>
                <![CDATA[[TestResult name=addNewUserTypePartner status=SUCCESS method=AdminUsersTests.addNewUserTypePartner()[pri:0, instance:testscripts.AdminUsersTests@f5958c9] output={null}]]]>
              </value>
            </param>
          </params>
          <reporter-output>
          </reporter-output>
        </test-method> <!-- browserQuit -->
        <test-method is-config="true" signature="browserInitialization(java.lang.String)[pri:0, instance:testscripts.AdminUsersTests@f5958c9]" started-at="2026-06-19T10:11:01 EDT" name="browserInitialization" finished-at="2026-06-19T10:11:04 EDT" duration-ms="3369" status="PASS">
          <params>
            <param index="0">
              <value>
                <![CDATA[Edge]]>
              </value>
            </param>
          </params>
          <reporter-output>
          </reporter-output>
        </test-method> <!-- browserInitialization -->
        <test-method signature="addNewUserTypeStaff()[pri:0, instance:testscripts.AdminUsersTests@f5958c9]" started-at="2026-06-19T10:11:04 EDT" name="addNewUserTypeStaff" finished-at="2026-06-19T10:11:12 EDT" duration-ms="7913" status="FAIL">
          <exception class="org.openqa.selenium.NoSuchElementException">
            <message>
              <![CDATA[no such element: Unable to locate element: {"method":"xpath","selector":"//i[contains(@class,'fa-check')]"}
  (Session info: MicrosoftEdge=149.0.4022.69)
For documentation on this error, please visit: https://www.selenium.dev/documentation/webdriver/troubleshooting/errors#nosuchelementexception
Build info: version: '4.39.0', revision: '126f156aee'
System info: os.name: 'Windows 10', os.arch: 'amd64', os.version: '10.0', java.version: '14.0.1'
Driver info: org.openqa.selenium.edge.EdgeDriver
Command: [376f66eed608904e9c62ffedfd29bd1a, findElement {using=xpath, value=//i[contains(@class,'fa-check')]}]
Capabilities {acceptInsecureCerts: false, browserName: MicrosoftEdge, browserVersion: 149.0.4022.69, fedcm:accounts: true, goog:processID: 4688, ms:edgeOptions: {debuggerAddress: localhost:50640}, msedge: {msedgedriverVersion: 149.0.4022.80 (2d040fee770f..., userDataDir: C:\Users\manji\AppData\Loca...}, networkConnectionEnabled: false, pageLoadStrategy: normal, platformName: windows, proxy: Proxy(), se:cdp: ws://localhost:50640/devtoo..., se:cdpVersion: 149.0.4022.69, setWindowRect: true, strictFileInteractability: false, timeouts: {implicit: 0, pageLoad: 300000, script: 30000}, unhandledPromptBehavior: dismiss and notify, webauthn:extension:credBlob: true, webauthn:extension:largeBlob: true, webauthn:extension:minPinLength: true, webauthn:extension:prf: true, webauthn:virtualAuthenticators: true}
Session ID: 376f66eed608904e9c62ffedfd29bd1a]]>
            </message>
            <full-stacktrace>
              <![CDATA[org.openqa.selenium.NoSuchElementException: no such element: Unable to locate element: {"method":"xpath","selector":"//i[contains(@class,'fa-check')]"}
  (Session info: MicrosoftEdge=149.0.4022.69)
For documentation on this error, please visit: https://www.selenium.dev/documentation/webdriver/troubleshooting/errors#nosuchelementexception
Build info: version: '4.39.0', revision: '126f156aee'
System info: os.name: 'Windows 10', os.arch: 'amd64', os.version: '10.0', java.version: '14.0.1'
Driver info: org.openqa.selenium.edge.EdgeDriver
Command: [376f66eed608904e9c62ffedfd29bd1a, findElement {using=xpath, value=//i[contains(@class,'fa-check')]}]
Capabilities {acceptInsecureCerts: false, browserName: MicrosoftEdge, browserVersion: 149.0.4022.69, fedcm:accounts: true, goog:processID: 4688, ms:edgeOptions: {debuggerAddress: localhost:50640}, msedge: {msedgedriverVersion: 149.0.4022.80 (2d040fee770f..., userDataDir: C:\Users\manji\AppData\Loca...}, networkConnectionEnabled: false, pageLoadStrategy: normal, platformName: windows, proxy: Proxy(), se:cdp: ws://localhost:50640/devtoo..., se:cdpVersion: 149.0.4022.69, setWindowRect: true, strictFileInteractability: false, timeouts: {implicit: 0, pageLoad: 300000, script: 30000}, unhandledPromptBehavior: dismiss and notify, webauthn:extension:credBlob: true, webauthn:extension:largeBlob: true, webauthn:extension:minPinLength: true, webauthn:extension:prf: true, webauthn:virtualAuthenticators: true}
Session ID: 376f66eed608904e9c62ffedfd29bd1a
at java.base/jdk.internal.reflect.NativeConstructorAccessorImpl.newInstance0(Native Method)
at java.base/jdk.internal.reflect.NativeConstructorAccessorImpl.newInstance(NativeConstructorAccessorImpl.java:62)
at java.base/jdk.internal.reflect.DelegatingConstructorAccessorImpl.newInstance(DelegatingConstructorAccessorImpl.java:45)
at java.base/java.lang.reflect.Constructor.newInstanceWithCaller(Constructor.java:500)
at java.base/java.lang.reflect.Constructor.newInstance(Constructor.java:481)
at org.openqa.selenium.remote.ErrorCodec.decode(ErrorCodec.java:167)
at org.openqa.selenium.remote.codec.w3c.W3CHttpResponseCodec.decode(W3CHttpResponseCodec.java:142)
at org.openqa.selenium.remote.codec.w3c.W3CHttpResponseCodec.decode(W3CHttpResponseCodec.java:49)
at org.openqa.selenium.remote.HttpCommandExecutor.execute(HttpCommandExecutor.java:215)
at org.openqa.selenium.remote.service.DriverCommandExecutor.invokeExecute(DriverCommandExecutor.java:216)
at org.openqa.selenium.remote.service.DriverCommandExecutor.execute(DriverCommandExecutor.java:174)
at org.openqa.selenium.remote.RemoteWebDriver.execute(RemoteWebDriver.java:561)
at org.openqa.selenium.remote.ElementLocation$ElementFinder$2.findElement(ElementLocation.java:166)
at org.openqa.selenium.remote.ElementLocation.findElement(ElementLocation.java:60)
at org.openqa.selenium.remote.RemoteWebDriver.findElement(RemoteWebDriver.java:384)
at org.openqa.selenium.remote.RemoteWebDriver.findElement(RemoteWebDriver.java:378)
at org.openqa.selenium.support.pagefactory.DefaultElementLocator.findElement(DefaultElementLocator.java:68)
at org.openqa.selenium.support.pagefactory.internal.LocatingElementHandler.invoke(LocatingElementHandler.java:38)
at com.sun.proxy.$Proxy13.isDisplayed(Unknown Source)
at pages.AdminUsersPage.isUserCreatedSuccessfylly(AdminUsersPage.java:66)
at testscripts.AdminUsersTests.addNewUserTypeStaff(AdminUsersTests.java:43)
at java.base/jdk.internal.reflect.NativeMethodAccessorImpl.invoke0(Native Method)
at java.base/jdk.internal.reflect.NativeMethodAccessorImpl.invoke(NativeMethodAccessorImpl.java:62)
at java.base/jdk.internal.reflect.DelegatingMethodAccessorImpl.invoke(DelegatingMethodAccessorImpl.java:43)
at java.base/java.lang.reflect.Method.invoke(Method.java:564)
at org.testng.internal.invokers.MethodInvocationHelper.invokeMethod(MethodInvocationHelper.java:141)
at org.testng.internal.invokers.TestInvoker.invokeMethod(TestInvoker.java:687)
at org.testng.internal.invokers.TestInvoker.invokeTestMethod(TestInvoker.java:230)
at org.testng.internal.invokers.MethodRunner.runInSequence(MethodRunner.java:63)
at org.testng.internal.invokers.TestInvoker$MethodInvocationAgent.invoke(TestInvoker.java:995)
at org.testng.internal.invokers.TestInvoker.invokeTestMethods(TestInvoker.java:203)
at org.testng.internal.invokers.TestMethodWorker.invokeTestMethods(TestMethodWorker.java:154)
at org.testng.internal.invokers.TestMethodWorker.run(TestMethodWorker.java:134)
at java.base/java.util.ArrayList.forEach(ArrayList.java:1510)
at org.testng.TestRunner.privateRun(TestRunner.java:741)
at org.testng.TestRunner.run(TestRunner.java:616)
at org.testng.SuiteRunner.runTest(SuiteRunner.java:421)
at org.testng.SuiteRunner.runSequentially(SuiteRunner.java:413)
at org.testng.SuiteRunner.privateRun(SuiteRunner.java:373)
at org.testng.SuiteRunner.run(SuiteRunner.java:312)
at org.testng.SuiteRunnerWorker.runSuite(SuiteRunnerWorker.java:52)
at org.testng.SuiteRunnerWorker.run(SuiteRunnerWorker.java:95)
at org.testng.TestNG.runSuitesSequentially(TestNG.java:1274)
at org.testng.TestNG.runSuitesLocally(TestNG.java:1208)
at org.testng.TestNG.runSuites(TestNG.java:1112)
at org.testng.TestNG.run(TestNG.java:1079)
at org.testng.remote.AbstractRemoteTestNG.run(AbstractRemoteTestNG.java:115)
at org.testng.remote.RemoteTestNG.initAndRun(RemoteTestNG.java:293)
at org.testng.remote.RemoteTestNG.main(RemoteTestNG.java:91)
]]>
            </full-stacktrace>
          </exception> <!-- org.openqa.selenium.NoSuchElementException -->
          <reporter-output>
          </reporter-output>
        </test-method> <!-- addNewUserTypeStaff -->
        <test-method is-config="true" signature="browserQuit(org.testng.ITestResult)[pri:0, instance:testscripts.AdminUsersTests@f5958c9]" started-at="2026-06-19T10:11:12 EDT" name="browserQuit" finished-at="2026-06-19T10:11:12 EDT" duration-ms="73" status="PASS">
          <params>
            <param index="0">
              <value>
                <![CDATA[[TestResult name=addNewUserTypeStaff status=FAILURE method=AdminUsersTests.addNewUserTypeStaff()[pri:0, instance:testscripts.AdminUsersTests@f5958c9] output={null}]]]>
              </value>
            </param>
          </params>
          <reporter-output>
          </reporter-output>
        </test-method> <!-- browserQuit -->
      </class> <!-- testscripts.AdminUsersTests -->
      <class name="testscripts.LogoutTestsSM">
        <test-method is-config="true" signature="browserInitialization(java.lang.String)[pri:0, instance:testscripts.LogoutTestsSM@233795b6]" started-at="2026-06-19T10:11:12 EDT" name="browserInitialization" finished-at="2026-06-19T10:11:15 EDT" duration-ms="3309" status="PASS">
          <params>
            <param index="0">
              <value>
                <![CDATA[Edge]]>
              </value>
            </param>
          </params>
          <reporter-output>
          </reporter-output>
        </test-method> <!-- browserInitialization -->
        <test-method signature="verifyLogout()[pri:0, instance:testscripts.LogoutTestsSM@233795b6]" started-at="2026-06-19T10:11:15 EDT" name="verifyLogout" description="Verify logout functionality" finished-at="2026-06-19T10:11:18 EDT" duration-ms="2338" status="PASS">
          <reporter-output>
          </reporter-output>
        </test-method> <!-- verifyLogout -->
        <test-method is-config="true" signature="browserQuit(org.testng.ITestResult)[pri:0, instance:testscripts.LogoutTestsSM@233795b6]" started-at="2026-06-19T10:11:18 EDT" name="browserQuit" finished-at="2026-06-19T10:11:18 EDT" duration-ms="0" status="PASS">
          <params>
            <param index="0">
              <value>
                <![CDATA[[TestResult name=verifyLogout status=SUCCESS method=LogoutTestsSM.verifyLogout()[pri:0, instance:testscripts.LogoutTestsSM@233795b6] output={null}]]]>
              </value>
            </param>
          </params>
          <reporter-output>
          </reporter-output>
        </test-method> <!-- browserQuit -->
      </class> <!-- testscripts.LogoutTestsSM -->
      <class name="testscripts.LoginTestsSM">
        <test-method is-config="true" signature="browserInitialization(java.lang.String)[pri:0, instance:testscripts.LoginTestsSM@5bda8e08]" started-at="2026-06-19T10:11:31 EDT" name="browserInitialization" finished-at="2026-06-19T10:11:34 EDT" duration-ms="3400" status="PASS">
          <params>
            <param index="0">
              <value>
                <![CDATA[Edge]]>
              </value>
            </param>
          </params>
          <reporter-output>
          </reporter-output>
        </test-method> <!-- browserInitialization -->
        <test-method signature="verifyLoginWithInvalidCredentials()[pri:0, instance:testscripts.LoginTestsSM@5bda8e08]" started-at="2026-06-19T10:11:34 EDT" name="verifyLoginWithInvalidCredentials" description="Verify Login with invalid credentials" finished-at="2026-06-19T10:11:35 EDT" duration-ms="608" status="PASS">
          <reporter-output>
          </reporter-output>
        </test-method> <!-- verifyLoginWithInvalidCredentials -->
        <test-method is-config="true" signature="browserQuit(org.testng.ITestResult)[pri:0, instance:testscripts.LoginTestsSM@5bda8e08]" started-at="2026-06-19T10:11:35 EDT" name="browserQuit" finished-at="2026-06-19T10:11:35 EDT" duration-ms="0" status="PASS">
          <params>
            <param index="0">
              <value>
                <![CDATA[[TestResult name=verifyLoginWithInvalidCredentials status=SUCCESS method=LoginTestsSM.verifyLoginWithInvalidCredentials()[pri:0, instance:testscripts.LoginTestsSM@5bda8e08] output={null}]]]>
              </value>
            </param>
          </params>
          <reporter-output>
          </reporter-output>
        </test-method> <!-- browserQuit -->
        <test-method is-config="true" signature="browserInitialization(java.lang.String)[pri:0, instance:testscripts.LoginTestsSM@5bda8e08]" started-at="2026-06-19T10:11:35 EDT" name="browserInitialization" finished-at="2026-06-19T10:11:38 EDT" duration-ms="3384" status="PASS">
          <params>
            <param index="0">
              <value>
                <![CDATA[Edge]]>
              </value>
            </param>
          </params>
          <reporter-output>
          </reporter-output>
        </test-method> <!-- browserInitialization -->
        <test-method signature="verifyLoginWithInvalidPassword()[pri:0, instance:testscripts.LoginTestsSM@5bda8e08]" started-at="2026-06-19T10:11:38 EDT" name="verifyLoginWithInvalidPassword" description="Verify Login with valid username and invalid password" finished-at="2026-06-19T10:11:39 EDT" duration-ms="634" status="PASS">
          <reporter-output>
          </reporter-output>
        </test-method> <!-- verifyLoginWithInvalidPassword -->
        <test-method is-config="true" signature="browserQuit(org.testng.ITestResult)[pri:0, instance:testscripts.LoginTestsSM@5bda8e08]" started-at="2026-06-19T10:11:39 EDT" name="browserQuit" finished-at="2026-06-19T10:11:39 EDT" duration-ms="0" status="PASS">
          <params>
            <param index="0">
              <value>
                <![CDATA[[TestResult name=verifyLoginWithInvalidPassword status=SUCCESS method=LoginTestsSM.verifyLoginWithInvalidPassword()[pri:0, instance:testscripts.LoginTestsSM@5bda8e08] output={null}]]]>
              </value>
            </param>
          </params>
          <reporter-output>
          </reporter-output>
        </test-method> <!-- browserQuit -->
        <test-method is-config="true" signature="browserInitialization(java.lang.String)[pri:0, instance:testscripts.LoginTestsSM@5bda8e08]" started-at="2026-06-19T10:11:39 EDT" name="browserInitialization" finished-at="2026-06-19T10:11:42 EDT" duration-ms="3437" status="PASS">
          <params>
            <param index="0">
              <value>
                <![CDATA[Edge]]>
              </value>
            </param>
          </params>
          <reporter-output>
          </reporter-output>
        </test-method> <!-- browserInitialization -->
        <test-method signature="verifyLoginWithInvalidUserName()[pri:0, instance:testscripts.LoginTestsSM@5bda8e08]" started-at="2026-06-19T10:11:42 EDT" name="verifyLoginWithInvalidUserName" description="Verify Login with invalid user name and valid password" finished-at="2026-06-19T10:11:43 EDT" duration-ms="680" status="PASS">
          <reporter-output>
          </reporter-output>
        </test-method> <!-- verifyLoginWithInvalidUserName -->
        <test-method is-config="true" signature="browserQuit(org.testng.ITestResult)[pri:0, instance:testscripts.LoginTestsSM@5bda8e08]" started-at="2026-06-19T10:11:43 EDT" name="browserQuit" finished-at="2026-06-19T10:11:43 EDT" duration-ms="1" status="PASS">
          <params>
            <param index="0">
              <value>
                <![CDATA[[TestResult name=verifyLoginWithInvalidUserName status=SUCCESS method=LoginTestsSM.verifyLoginWithInvalidUserName()[pri:0, instance:testscripts.LoginTestsSM@5bda8e08] output={null}]]]>
              </value>
            </param>
          </params>
          <reporter-output>
          </reporter-output>
        </test-method> <!-- browserQuit -->
        <test-method is-config="true" signature="browserInitialization(java.lang.String)[pri:0, instance:testscripts.LoginTestsSM@5bda8e08]" started-at="2026-06-19T10:11:43 EDT" name="browserInitialization" finished-at="2026-06-19T10:11:46 EDT" duration-ms="3407" status="PASS">
          <params>
            <param index="0">
              <value>
                <![CDATA[Edge]]>
              </value>
            </param>
          </params>
          <reporter-output>
          </reporter-output>
        </test-method> <!-- browserInitialization -->
        <test-method signature="verifyLoginWithValidCredentials()[pri:0, instance:testscripts.LoginTestsSM@5bda8e08]" started-at="2026-06-19T10:11:46 EDT" name="verifyLoginWithValidCredentials" description="Verify Login with valid credentials" finished-at="2026-06-19T10:11:48 EDT" duration-ms="1372" status="PASS">
          <reporter-output>
          </reporter-output>
        </test-method> <!-- verifyLoginWithValidCredentials -->
        <test-method is-config="true" signature="browserQuit(org.testng.ITestResult)[pri:0, instance:testscripts.LoginTestsSM@5bda8e08]" started-at="2026-06-19T10:11:48 EDT" name="browserQuit" finished-at="2026-06-19T10:11:48 EDT" duration-ms="1" status="PASS">
          <params>
            <param index="0">
              <value>
                <![CDATA[[TestResult name=verifyLoginWithValidCredentials status=SUCCESS method=LoginTestsSM.verifyLoginWithValidCredentials()[pri:0, instance:testscripts.LoginTestsSM@5bda8e08] output={null}]]]>
              </value>
            </param>
          </params>
          <reporter-output>
          </reporter-output>
        </test-method> <!-- browserQuit -->
      </class> <!-- testscripts.LoginTestsSM -->
      <class name="testscripts.ManageNewsTests">
        <test-method is-config="true" signature="browserInitialization(java.lang.String)[pri:0, instance:testscripts.ManageNewsTests@3eb738bb]" started-at="2026-06-19T10:11:18 EDT" name="browserInitialization" finished-at="2026-06-19T10:11:21 EDT" duration-ms="3320" status="PASS">
          <params>
            <param index="0">
              <value>
                <![CDATA[Edge]]>
              </value>
            </param>
          </params>
          <reporter-output>
          </reporter-output>
        </test-method> <!-- browserInitialization -->
        <test-method signature="addNews()[pri:0, instance:testscripts.ManageNewsTests@3eb738bb]" started-at="2026-06-19T10:11:21 EDT" name="addNews" description="Verify adding new NEWS in Manage News Page" finished-at="2026-06-19T10:11:25 EDT" duration-ms="3616" status="PASS">
          <reporter-output>
          </reporter-output>
        </test-method> <!-- addNews -->
        <test-method is-config="true" signature="browserQuit(org.testng.ITestResult)[pri:0, instance:testscripts.ManageNewsTests@3eb738bb]" started-at="2026-06-19T10:11:25 EDT" name="browserQuit" finished-at="2026-06-19T10:11:25 EDT" duration-ms="1" status="PASS">
          <params>
            <param index="0">
              <value>
                <![CDATA[[TestResult name=addNews status=SUCCESS method=ManageNewsTests.addNews()[pri:0, instance:testscripts.ManageNewsTests@3eb738bb] output={null}]]]>
              </value>
            </param>
          </params>
          <reporter-output>
          </reporter-output>
        </test-method> <!-- browserQuit -->
        <test-method is-config="true" signature="browserInitialization(java.lang.String)[pri:0, instance:testscripts.ManageNewsTests@3eb738bb]" started-at="2026-06-19T10:11:25 EDT" name="browserInitialization" finished-at="2026-06-19T10:11:28 EDT" duration-ms="3416" status="PASS">
          <params>
            <param index="0">
              <value>
                <![CDATA[Edge]]>
              </value>
            </param>
          </params>
          <reporter-output>
          </reporter-output>
        </test-method> <!-- browserInitialization -->
        <test-method signature="cancelNews()[pri:0, instance:testscripts.ManageNewsTests@3eb738bb]" started-at="2026-06-19T10:11:28 EDT" name="cancelNews" description="Verifying cancel button functionality in the Manage News page" finished-at="2026-06-19T10:11:31 EDT" duration-ms="2960" status="PASS">
          <reporter-output>
          </reporter-output>
        </test-method> <!-- cancelNews -->
        <test-method is-config="true" signature="browserQuit(org.testng.ITestResult)[pri:0, instance:testscripts.ManageNewsTests@3eb738bb]" started-at="2026-06-19T10:11:31 EDT" name="browserQuit" finished-at="2026-06-19T10:11:31 EDT" duration-ms="1" status="PASS">
          <params>
            <param index="0">
              <value>
                <![CDATA[[TestResult name=cancelNews status=SUCCESS method=ManageNewsTests.cancelNews()[pri:0, instance:testscripts.ManageNewsTests@3eb738bb] output={null}]]]>
              </value>
            </param>
          </params>
          <reporter-output>
          </reporter-output>
        </test-method> <!-- browserQuit -->
      </class> <!-- testscripts.ManageNewsTests -->
      <class name="testscripts.ManageCategoryTests">
        <test-method is-config="true" signature="browserInitialization(java.lang.String)[pri:0, instance:testscripts.ManageCategoryTests@185a6e9]" started-at="2026-06-19T10:11:55 EDT" name="browserInitialization" finished-at="2026-06-19T10:11:59 EDT" duration-ms="3549" status="PASS">
          <params>
            <param index="0">
              <value>
                <![CDATA[Edge]]>
              </value>
            </param>
          </params>
          <reporter-output>
          </reporter-output>
        </test-method> <!-- browserInitialization -->
        <test-method signature="addCategorySuccessfully()[pri:0, instance:testscripts.ManageCategoryTests@185a6e9]" started-at="2026-06-19T10:11:59 EDT" name="addCategorySuccessfully" description="Verifying adding a new catefory in Manage Category Page" finished-at="2026-06-19T10:12:04 EDT" duration-ms="4985" status="PASS">
          <reporter-output>
          </reporter-output>
        </test-method> <!-- addCategorySuccessfully -->
        <test-method is-config="true" signature="browserQuit(org.testng.ITestResult)[pri:0, instance:testscripts.ManageCategoryTests@185a6e9]" started-at="2026-06-19T10:12:04 EDT" name="browserQuit" finished-at="2026-06-19T10:12:04 EDT" duration-ms="1" status="PASS">
          <params>
            <param index="0">
              <value>
                <![CDATA[[TestResult name=addCategorySuccessfully status=SUCCESS method=ManageCategoryTests.addCategorySuccessfully()[pri:0, instance:testscripts.ManageCategoryTests@185a6e9] output={null}]]]>
              </value>
            </param>
          </params>
          <reporter-output>
          </reporter-output>
        </test-method> <!-- browserQuit -->
      </class> <!-- testscripts.ManageCategoryTests -->
    </test> <!-- FireFoxTest -->
    <test started-at="2026-06-19T10:12:04 EDT" name="EdgeTest" finished-at="2026-06-19T10:12:04 EDT" duration-ms="1">
    </test> <!-- EdgeTest -->
  </suite> <!-- CrossbrowserTesting -->
</testng-results>
